2021/10/19 08:14:03 [notice] 1#1: using the "epoll" event method
2021/10/19 08:14:03 [notice] 1#1: nginx/1.21.3
2021/10/19 08:14:03 [notice] 1#1: built by gcc 8.3.0 (Debian 8.3.0-6) 
2021/10/19 08:14:03 [notice] 1#1: OS: Linux 5.4.72-microsoft-standard-WSL2
2021/10/19 08:14:03 [notice] 1#1: getrlimit(RLIMIT_NOFILE): 1048576:1048576
2021/10/19 08:14:03 [notice] 1#1: start worker processes
2021/10/19 08:14:03 [notice] 1#1: start worker process 22
2021/10/19 08:14:03 [notice] 1#1: start worker process 23
2021/10/19 08:14:03 [notice] 1#1: start worker process 24
2021/10/19 08:14:03 [notice] 1#1: start worker process 25
2021/10/19 08:14:03 [notice] 1#1: start worker process 26
2021/10/19 08:14:03 [notice] 1#1: start worker process 27
2021/10/19 08:14:03 [notice] 1#1: start worker process 28
2021/10/19 08:14:03 [notice] 1#1: start worker process 29
2021/10/19 08:14:03 [notice] 1#1: start worker process 30
2021/10/19 08:14:03 [notice] 1#1: start worker process 31
2021/10/19 08:14:03 [notice] 1#1: start worker process 32
2021/10/19 08:14:03 [notice] 1#1: start worker process 33
2021/10/19 08:14:31 [error] 22#22: *1 directory index of "/var/www/app/" is forbidden, client: 172.25.0.1, server: localhost, request: "GET / HTTP/1.1", host: "localhost"
2021/10/19 08:15:30 [notice] 1#1: signal 3 (SIGQUIT) received, shutting down
2021/10/19 08:15:30 [notice] 23#23: gracefully shutting down
2021/10/19 08:15:30 [notice] 33#33: gracefully shutting down
2021/10/19 08:15:30 [notice] 22#22: gracefully shutting down
2021/10/19 08:15:30 [notice] 24#24: gracefully shutting down
2021/10/19 08:15:30 [notice] 25#25: gracefully shutting down
2021/10/19 08:15:30 [notice] 25#25: exiting
2021/10/19 08:15:30 [notice] 26#26: gracefully shutting down
2021/10/19 08:15:30 [notice] 27#27: gracefully shutting down
2021/10/19 08:15:30 [notice] 28#28: gracefully shutting down
2021/10/19 08:15:30 [notice] 29#29: gracefully shutting down
2021/10/19 08:15:30 [notice] 30#30: gracefully shutting down
2021/10/19 08:15:30 [notice] 31#31: gracefully shutting down
2021/10/19 08:15:30 [notice] 31#31: exiting
2021/10/19 08:15:30 [notice] 32#32: gracefully shutting down
2021/10/19 08:15:30 [notice] 23#23: exiting
2021/10/19 08:15:30 [notice] 33#33: exiting
2021/10/19 08:15:30 [notice] 24#24: exiting
2021/10/19 08:15:30 [notice] 25#25: exit
2021/10/19 08:15:30 [notice] 26#26: exiting
2021/10/19 08:15:30 [notice] 27#27: exiting
2021/10/19 08:15:30 [notice] 28#28: exiting
2021/10/19 08:15:30 [notice] 29#29: exiting
2021/10/19 08:15:30 [notice] 30#30: exiting
2021/10/19 08:15:30 [notice] 31#31: exit
2021/10/19 08:15:30 [notice] 32#32: exiting
2021/10/19 08:15:30 [notice] 23#23: exit
2021/10/19 08:15:30 [notice] 33#33: exit
2021/10/19 08:15:30 [notice] 24#24: exit
2021/10/19 08:15:30 [notice] 26#26: exit
2021/10/19 08:15:30 [notice] 27#27: exit
2021/10/19 08:15:30 [notice] 28#28: exit
2021/10/19 08:15:30 [notice] 29#29: exit
2021/10/19 08:15:30 [notice] 30#30: exit
2021/10/19 08:15:30 [notice] 32#32: exit
2021/10/19 08:15:30 [notice] 1#1: signal 17 (SIGCHLD) received from 24
2021/10/19 08:15:30 [notice] 1#1: worker process 24 exited with code 0
2021/10/19 08:15:30 [notice] 1#1: worker process 30 exited with code 0
2021/10/19 08:15:30 [notice] 1#1: signal 29 (SIGIO) received
2021/10/19 08:15:30 [notice] 1#1: signal 17 (SIGCHLD) received from 23
2021/10/19 08:15:30 [notice] 1#1: worker process 23 exited with code 0
2021/10/19 08:15:30 [notice] 1#1: worker process 25 exited with code 0
2021/10/19 08:15:30 [notice] 1#1: worker process 26 exited with code 0
2021/10/19 08:15:30 [notice] 1#1: worker process 27 exited with code 0
2021/10/19 08:15:30 [notice] 1#1: worker process 29 exited with code 0
2021/10/19 08:15:30 [notice] 1#1: worker process 32 exited with code 0
2021/10/19 08:15:30 [notice] 1#1: worker process 33 exited with code 0
2021/10/19 08:15:30 [notice] 1#1: signal 29 (SIGIO) received
2021/10/19 08:15:30 [notice] 1#1: signal 17 (SIGCHLD) received from 31
2021/10/19 08:15:30 [notice] 1#1: worker process 28 exited with code 0
2021/10/19 08:15:30 [notice] 1#1: worker process 31 exited with code 0
2021/10/19 08:15:30 [notice] 1#1: signal 29 (SIGIO) received
2021/10/19 08:15:31 [notice] 22#22: exiting
2021/10/19 08:15:31 [notice] 22#22: exit
2021/10/19 08:15:31 [notice] 1#1: signal 17 (SIGCHLD) received from 22
2021/10/19 08:15:31 [notice] 1#1: worker process 22 exited with code 0
2021/10/19 08:15:31 [notice] 1#1: exit
2021/10/19 08:15:33 [notice] 1#1: using the "epoll" event method
2021/10/19 08:15:33 [notice] 1#1: nginx/1.21.3
2021/10/19 08:15:33 [notice] 1#1: built by gcc 8.3.0 (Debian 8.3.0-6) 
2021/10/19 08:15:33 [notice] 1#1: OS: Linux 5.4.72-microsoft-standard-WSL2
2021/10/19 08:15:33 [notice] 1#1: getrlimit(RLIMIT_NOFILE): 1048576:1048576
2021/10/19 08:15:33 [notice] 1#1: start worker processes
2021/10/19 08:15:33 [notice] 1#1: start worker process 23
2021/10/19 08:15:33 [notice] 1#1: start worker process 24
2021/10/19 08:15:33 [notice] 1#1: start worker process 25
2021/10/19 08:15:33 [notice] 1#1: start worker process 26
2021/10/19 08:15:33 [notice] 1#1: start worker process 27
2021/10/19 08:15:33 [notice] 1#1: start worker process 28
2021/10/19 08:15:33 [notice] 1#1: start worker process 29
2021/10/19 08:15:33 [notice] 1#1: start worker process 30
2021/10/19 08:15:33 [notice] 1#1: start worker process 31
2021/10/19 08:15:33 [notice] 1#1: start worker process 32
2021/10/19 08:15:33 [notice] 1#1: start worker process 33
2021/10/19 08:15:33 [notice] 1#1: start worker process 34
2021/10/19 08:16:42 [error] 23#23: *1 open() "/var/www/app/public/index.html" failed (2: No such file or directory), client: 172.25.0.1, server: localhost, request: "GET /index.html HTTP/1.1", host: "localhost"
2021/10/19 08:17:42 [error] 23#23: *1 open() "/var/www/app/public/index" failed (2: No such file or directory), client: 172.25.0.1, server: localhost, request: "GET /index HTTP/1.1", host: "localhost"
2021/10/19 08:17:47 [error] 23#23: *1 open() "/var/www/app/public/index" failed (2: No such file or directory), client: 172.25.0.1, server: localhost, request: "GET /index HTTP/1.1", host: "localhost"
2021/10/19 08:17:49 [error] 23#23: *1 open() "/var/www/app/public/index" failed (2: No such file or directory), client: 172.25.0.1, server: localhost, request: "GET /index HTTP/1.1", host: "localhost"
2021/10/19 09:10:49 [notice] 25#25: signal 15 (SIGTERM) received, exiting
2021/10/19 09:10:49 [notice] 25#25: exiting
2021/10/19 09:10:49 [notice] 24#24: signal 15 (SIGTERM) received, exiting
2021/10/19 09:10:49 [notice] 1#1: signal 15 (SIGTERM) received, exiting
2021/10/19 09:10:49 [notice] 23#23: signal 15 (SIGTERM) received, exiting
2021/10/19 09:10:49 [notice] 34#34: signal 15 (SIGTERM) received, exiting
2021/10/19 09:10:49 [notice] 30#30: signal 15 (SIGTERM) received, exiting
2021/10/19 09:10:49 [notice] 26#26: signal 15 (SIGTERM) received, exiting
2021/10/19 09:10:49 [notice] 33#33: signal 15 (SIGTERM) received, exiting
2021/10/19 09:10:49 [notice] 33#33: exiting
2021/10/19 09:10:49 [notice] 28#28: signal 15 (SIGTERM) received, exiting
2021/10/19 09:10:49 [notice] 29#29: signal 15 (SIGTERM) received, exiting
2021/10/19 09:10:49 [notice] 32#32: signal 15 (SIGTERM) received, exiting
2021/10/19 09:10:49 [notice] 27#27: signal 15 (SIGTERM) received, exiting
2021/10/19 09:10:49 [notice] 31#31: signal 15 (SIGTERM) received, exiting
2021/10/19 09:10:49 [notice] 31#31: exiting
2021/10/19 09:10:49 [notice] 25#25: exit
2021/10/19 09:10:49 [notice] 24#24: exiting
2021/10/19 09:10:49 [notice] 23#23: exiting
2021/10/19 09:10:49 [notice] 34#34: exiting
2021/10/19 09:10:49 [notice] 30#30: exiting
2021/10/19 09:10:49 [notice] 26#26: exiting
2021/10/19 09:10:49 [notice] 33#33: exit
2021/10/19 09:10:49 [notice] 28#28: exiting
2021/10/19 09:10:49 [notice] 28#28: exit
2021/10/19 09:10:49 [notice] 29#29: exiting
2021/10/19 09:10:49 [notice] 29#29: exit
2021/10/19 09:10:49 [notice] 32#32: exiting
2021/10/19 09:10:49 [notice] 27#27: exiting
2021/10/19 09:10:49 [notice] 31#31: exit
2021/10/19 09:10:49 [notice] 24#24: exit
2021/10/19 09:10:49 [notice] 23#23: exit
2021/10/19 09:10:49 [notice] 34#34: exit
2021/10/19 09:10:49 [notice] 30#30: exit
2021/10/19 09:10:49 [notice] 26#26: exit
2021/10/19 09:10:49 [notice] 32#32: exit
2021/10/19 09:10:49 [notice] 27#27: exit
2021/10/19 09:10:49 [notice] 1#1: signal 14 (SIGALRM) received
2021/10/19 09:10:49 [notice] 1#1: signal 17 (SIGCHLD) received from 34
2021/10/19 09:10:49 [notice] 1#1: worker process 34 exited with code 0
2021/10/19 09:10:49 [notice] 1#1: signal 29 (SIGIO) received
2021/10/19 09:10:49 [notice] 1#1: signal 14 (SIGALRM) received
2021/10/19 09:10:49 [notice] 1#1: signal 17 (SIGCHLD) received from 25
2021/10/19 09:10:49 [notice] 1#1: worker process 23 exited with code 0
2021/10/19 09:10:49 [notice] 1#1: worker process 24 exited with code 0
2021/10/19 09:10:49 [notice] 1#1: worker process 25 exited with code 0
2021/10/19 09:10:49 [notice] 1#1: worker process 27 exited with code 0
2021/10/19 09:10:49 [notice] 1#1: worker process 28 exited with code 0
2021/10/19 09:10:49 [notice] 1#1: signal 29 (SIGIO) received
2021/10/19 09:10:49 [notice] 1#1: signal 17 (SIGCHLD) received from 32
2021/10/19 09:10:49 [notice] 1#1: worker process 32 exited with code 0
2021/10/19 09:10:49 [notice] 1#1: signal 29 (SIGIO) received
2021/10/19 09:10:49 [notice] 1#1: signal 17 (SIGCHLD) received from 29
2021/10/19 09:10:49 [notice] 1#1: worker process 29 exited with code 0
2021/10/19 09:10:49 [notice] 1#1: signal 29 (SIGIO) received
2021/10/19 09:10:49 [notice] 1#1: signal 17 (SIGCHLD) received from 26
2021/10/19 09:10:49 [notice] 1#1: worker process 26 exited with code 0
2021/10/19 09:10:49 [notice] 1#1: signal 29 (SIGIO) received
2021/10/19 09:10:49 [notice] 1#1: signal 17 (SIGCHLD) received from 33
2021/10/19 09:10:49 [notice] 1#1: worker process 33 exited with code 0
2021/10/19 09:10:49 [notice] 1#1: signal 29 (SIGIO) received
2021/10/19 09:10:49 [notice] 1#1: signal 17 (SIGCHLD) received from 31
2021/10/19 09:10:49 [notice] 1#1: worker process 30 exited with code 0
2021/10/19 09:10:49 [notice] 1#1: worker process 31 exited with code 0
2021/10/19 09:10:49 [notice] 1#1: exit
